2019-06-23 19:27:34,002 luigi.server[49427] INFO: Checking pid file
2019-06-23 19:27:34,003 luigi.server[49427] INFO: Writing pid file
2019-06-23 19:27:34,008 luigi.scheduler[49427] INFO: No prior state file exists at statefile. Starting with empty state
2019-06-23 19:27:34,013 luigi.server[49427] INFO: Scheduler starting up
2019-06-23 19:27:46,129 tornado.access[49427] INFO: 304 GET /static/visualiser/index.html (::1) 7.69ms
2019-06-23 19:27:46,475 tornado.access[49427] INFO: 304 GET /api/is_pause_enabled?data=%7B%7D (::1) 1.82ms
2019-06-23 19:27:46,478 tornado.access[49427] INFO: 304 GET /api/resource_list?data=%7B%7D (::1) 1.53ms
2019-06-23 19:27:46,481 tornado.access[49427] INFO: 304 GET /api/worker_list?data=%7B%7D (::1) 1.65ms
2019-06-23 19:27:46,513 tornado.access[49427] INFO: 304 GET /api/task_list?data=%7B%22status%22%3A%22RUNNING%22%2C%22upstream_status%22%3A%22%22%2C%22search%22%3A%22%22%7D (::1) 1.60ms
2019-06-23 19:27:46,516 tornado.access[49427] INFO: 304 GET /api/task_list?data=%7B%22status%22%3A%22PENDING%22%2C%22upstream_status%22%3A%22UPSTREAM_FAILED%22%2C%22search%22%3A%22%22%7D (::1) 1.38ms
2019-06-23 19:27:46,519 tornado.access[49427] INFO: 304 GET /api/task_list?data=%7B%22status%22%3A%22PENDING%22%2C%22upstream_status%22%3A%22UPSTREAM_DISABLED%22%2C%22search%22%3A%22%22%7D (::1) 1.53ms
2019-06-23 19:27:46,521 tornado.access[49427] INFO: 304 GET /api/task_list?data=%7B%22status%22%3A%22PENDING%22%2C%22upstream_status%22%3A%22%22%2C%22search%22%3A%22%22%7D (::1) 1.13ms
2019-06-23 19:27:46,524 tornado.access[49427] INFO: 304 GET /api/task_list?data=%7B%22status%22%3A%22DONE%22%2C%22upstream_status%22%3A%22%22%2C%22search%22%3A%22%22%7D (::1) 0.88ms
2019-06-23 19:27:46,526 tornado.access[49427] INFO: 304 GET /api/task_list?data=%7B%22status%22%3A%22FAILED%22%2C%22upstream_status%22%3A%22%22%2C%22search%22%3A%22%22%7D (::1) 1.04ms
2019-06-23 19:27:46,528 tornado.access[49427] INFO: 304 GET /api/task_list?data=%7B%22status%22%3A%22BATCH_RUNNING%22%2C%22upstream_status%22%3A%22%22%2C%22search%22%3A%22%22%7D (::1) 1.16ms
2019-06-23 19:27:46,531 tornado.access[49427] INFO: 304 GET /api/task_list?data=%7B%22status%22%3A%22DISABLED%22%2C%22upstream_status%22%3A%22%22%2C%22search%22%3A%22%22%7D (::1) 2.00ms
2019-06-23 19:27:46,585 tornado.access[49427] INFO: 304 GET /api/is_paused?data=%7B%7D (::1) 1.02ms
2019-06-23 19:29:27,820 tornado.access[49427] INFO: 304 GET /static/visualiser/index.html (::1) 0.71ms
2019-06-23 19:29:27,842 tornado.access[49427] INFO: 304 GET /static/visualiser/css/luigi.css (::1) 1.27ms
2019-06-23 19:29:27,845 tornado.access[49427] INFO: 304 GET /static/visualiser/lib/bootstrap3/css/bootstrap.min.css (::1) 2.83ms
2019-06-23 19:29:27,849 tornado.access[49427] INFO: 304 GET /static/visualiser/lib/jquery-1.10.0.min.js (::1) 2.49ms
2019-06-23 19:29:27,856 tornado.access[49427] INFO: 304 GET /static/visualiser/lib/bootstrap3/css/bootstrap-theme.min.css (::1) 1.34ms
2019-06-23 19:29:27,859 tornado.access[49427] INFO: 304 GET /static/visualiser/css/tipsy.css (::1) 1.11ms
2019-06-23 19:29:27,861 tornado.access[49427] INFO: 304 GET /static/visualiser/lib/bootstrap3/js/bootstrap.min.js (::1) 1.62ms
2019-06-23 19:29:27,865 tornado.access[49427] INFO: 304 GET /static/visualiser/lib/AdminLTE/css/AdminLTE.min.css (::1) 2.44ms
2019-06-23 19:29:27,867 tornado.access[49427] INFO: 304 GET /static/visualiser/css/font-awesome.min.css (::1) 1.38ms
2019-06-23 19:29:27,870 tornado.access[49427] INFO: 304 GET /static/visualiser/lib/datatables/css/jquery.dataTables.min.css (::1) 1.10ms
2019-06-23 19:29:27,872 tornado.access[49427] INFO: 304 GET /static/visualiser/lib/AdminLTE/css/skin-green-light.min.css (::1) 0.96ms
2019-06-23 19:29:27,874 tornado.access[49427] INFO: 304 GET /static/visualiser/js/luigi.js (::1) 1.27ms
2019-06-23 19:29:27,876 tornado.access[49427] INFO: 304 GET /static/visualiser/lib/bootstrap-toggle/css/bootstrap-toggle.min.css (::1) 1.08ms
2019-06-23 19:29:27,880 tornado.access[49427] INFO: 304 GET /static/visualiser/lib/d3/d3.min.js (::1) 3.15ms
2019-06-23 19:29:27,883 tornado.access[49427] INFO: 304 GET /static/visualiser/lib/d3/dagre-d3.min.js (::1) 2.26ms
2019-06-23 19:29:27,885 tornado.access[49427] INFO: 304 GET /static/visualiser/lib/mustache.js (::1) 1.05ms
2019-06-23 19:29:27,888 tornado.access[49427] INFO: 304 GET /static/visualiser/js/visualiserApp.js (::1) 1.36ms
2019-06-23 19:29:27,889 tornado.access[49427] INFO: 304 GET /static/visualiser/js/tipsy.js (::1) 0.86ms
2019-06-23 19:29:27,891 tornado.access[49427] INFO: 304 GET /static/visualiser/lib/jquery.slimscroll.min.js (::1) 0.74ms
2019-06-23 19:29:27,893 tornado.access[49427] INFO: 304 GET /static/visualiser/lib/AdminLTE/js/app.min.js (::1) 0.80ms
2019-06-23 19:29:27,896 tornado.access[49427] INFO: 304 GET /static/visualiser/lib/datatables/js/jquery.dataTables.min.js (::1) 2.28ms
2019-06-23 19:29:27,898 tornado.access[49427] INFO: 304 GET /static/visualiser/js/graph.js (::1) 1.34ms
2019-06-23 19:29:27,901 tornado.access[49427] INFO: 304 GET /static/visualiser/lib/URI/1.18.2/URI.js (::1) 1.73ms
2019-06-23 19:29:27,903 tornado.access[49427] INFO: 304 GET /static/visualiser/lib/bootstrap-toggle/js/bootstrap-toggle.min.js (::1) 1.17ms
2019-06-23 19:29:28,013 tornado.access[49427] INFO: 304 GET /api/is_pause_enabled?data=%7B%7D (::1) 1.60ms
2019-06-23 19:29:28,016 tornado.access[49427] INFO: 304 GET /api/worker_list?data=%7B%7D (::1) 1.31ms
2019-06-23 19:29:28,018 tornado.access[49427] INFO: 304 GET /api/resource_list?data=%7B%7D (::1) 1.22ms
2019-06-23 19:29:28,023 tornado.access[49427] INFO: 304 GET /static/visualiser/lib/datatables/images/sort_both.png (::1) 1.01ms
2019-06-23 19:29:28,041 tornado.access[49427] INFO: 304 GET /api/task_list?data=%7B%22status%22%3A%22RUNNING%22%2C%22upstream_status%22%3A%22%22%2C%22search%22%3A%22%22%7D (::1) 1.31ms
2019-06-23 19:29:28,043 tornado.access[49427] INFO: 304 GET /api/task_list?data=%7B%22status%22%3A%22PENDING%22%2C%22upstream_status%22%3A%22UPSTREAM_FAILED%22%2C%22search%22%3A%22%22%7D (::1) 1.13ms
2019-06-23 19:29:28,045 tornado.access[49427] INFO: 304 GET /api/task_list?data=%7B%22status%22%3A%22FAILED%22%2C%22upstream_status%22%3A%22%22%2C%22search%22%3A%22%22%7D (::1) 1.43ms
2019-06-23 19:29:28,048 tornado.access[49427] INFO: 304 GET /api/task_list?data=%7B%22status%22%3A%22PENDING%22%2C%22upstream_status%22%3A%22UPSTREAM_DISABLED%22%2C%22search%22%3A%22%22%7D (::1) 1.93ms
2019-06-23 19:29:28,051 tornado.access[49427] INFO: 304 GET /api/task_list?data=%7B%22status%22%3A%22BATCH_RUNNING%22%2C%22upstream_status%22%3A%22%22%2C%22search%22%3A%22%22%7D (::1) 2.11ms
2019-06-23 19:29:28,054 tornado.access[49427] INFO: 304 GET /api/task_list?data=%7B%22status%22%3A%22DISABLED%22%2C%22upstream_status%22%3A%22%22%2C%22search%22%3A%22%22%7D (::1) 1.63ms
2019-06-23 19:29:28,057 tornado.access[49427] INFO: 304 GET /api/task_list?data=%7B%22status%22%3A%22PENDING%22%2C%22upstream_status%22%3A%22%22%2C%22search%22%3A%22%22%7D (::1) 1.32ms
2019-06-23 19:29:28,059 tornado.access[49427] INFO: 304 GET /api/task_list?data=%7B%22status%22%3A%22DONE%22%2C%22upstream_status%22%3A%22%22%2C%22search%22%3A%22%22%7D (::1) 1.20ms
2019-06-23 19:29:28,062 tornado.access[49427] INFO: 304 GET /api/is_paused?data=%7B%7D (::1) 1.09ms
2019-06-23 19:29:31,291 tornado.access[49427] INFO: 304 GET /static/visualiser/index.html (::1) 0.62ms
2019-06-23 19:29:31,422 tornado.access[49427] INFO: 304 GET /api/is_pause_enabled?data=%7B%7D (::1) 1.52ms
2019-06-23 19:29:31,424 tornado.access[49427] INFO: 304 GET /api/resource_list?data=%7B%7D (::1) 1.07ms
2019-06-23 19:29:31,426 tornado.access[49427] INFO: 304 GET /api/worker_list?data=%7B%7D (::1) 1.09ms
2019-06-23 19:29:31,459 tornado.access[49427] INFO: 304 GET /api/task_list?data=%7B%22status%22%3A%22FAILED%22%2C%22upstream_status%22%3A%22%22%2C%22search%22%3A%22%22%7D (::1) 1.50ms
2019-06-23 19:29:31,461 tornado.access[49427] INFO: 304 GET /api/task_list?data=%7B%22status%22%3A%22BATCH_RUNNING%22%2C%22upstream_status%22%3A%22%22%2C%22search%22%3A%22%22%7D (::1) 1.31ms
2019-06-23 19:29:31,464 tornado.access[49427] INFO: 304 GET /api/task_list?data=%7B%22status%22%3A%22RUNNING%22%2C%22upstream_status%22%3A%22%22%2C%22search%22%3A%22%22%7D (::1) 1.89ms
2019-06-23 19:29:31,466 tornado.access[49427] INFO: 304 GET /api/task_list?data=%7B%22status%22%3A%22PENDING%22%2C%22upstream_status%22%3A%22UPSTREAM_DISABLED%22%2C%22search%22%3A%22%22%7D (::1) 0.99ms
2019-06-23 19:29:31,468 tornado.access[49427] INFO: 304 GET /api/task_list?data=%7B%22status%22%3A%22DISABLED%22%2C%22upstream_status%22%3A%22%22%2C%22search%22%3A%22%22%7D (::1) 1.08ms
2019-06-23 19:29:31,469 tornado.access[49427] INFO: 304 GET /api/task_list?data=%7B%22status%22%3A%22PENDING%22%2C%22upstream_status%22%3A%22UPSTREAM_FAILED%22%2C%22search%22%3A%22%22%7D (::1) 0.81ms
2019-06-23 19:29:31,471 tornado.access[49427] INFO: 304 GET /api/task_list?data=%7B%22status%22%3A%22PENDING%22%2C%22upstream_status%22%3A%22%22%2C%22search%22%3A%22%22%7D (::1) 0.80ms
2019-06-23 19:29:31,472 tornado.access[49427] INFO: 304 GET /api/task_list?data=%7B%22status%22%3A%22DONE%22%2C%22upstream_status%22%3A%22%22%2C%22search%22%3A%22%22%7D (::1) 0.85ms
2019-06-23 19:29:31,485 tornado.access[49427] INFO: 304 GET /api/is_paused?data=%7B%7D (::1) 0.99ms
2019-06-23 19:29:32,238 tornado.access[49427] INFO: 304 GET /static/visualiser/index.html (::1) 0.64ms
2019-06-23 19:29:32,358 tornado.access[49427] INFO: 304 GET /api/is_pause_enabled?data=%7B%7D (::1) 0.94ms
2019-06-23 19:29:32,361 tornado.access[49427] INFO: 304 GET /api/worker_list?data=%7B%7D (::1) 1.37ms
2019-06-23 19:29:32,363 tornado.access[49427] INFO: 304 GET /api/resource_list?data=%7B%7D (::1) 1.38ms
2019-06-23 19:29:32,387 tornado.access[49427] INFO: 304 GET /api/task_list?data=%7B%22status%22%3A%22RUNNING%22%2C%22upstream_status%22%3A%22%22%2C%22search%22%3A%22%22%7D (::1) 1.81ms
2019-06-23 19:29:32,391 tornado.access[49427] INFO: 304 GET /api/task_list?data=%7B%22status%22%3A%22BATCH_RUNNING%22%2C%22upstream_status%22%3A%22%22%2C%22search%22%3A%22%22%7D (::1) 1.74ms
2019-06-23 19:29:32,394 tornado.access[49427] INFO: 304 GET /api/task_list?data=%7B%22status%22%3A%22PENDING%22%2C%22upstream_status%22%3A%22UPSTREAM_FAILED%22%2C%22search%22%3A%22%22%7D (::1) 1.72ms
2019-06-23 19:29:32,396 tornado.access[49427] INFO: 304 GET /api/task_list?data=%7B%22status%22%3A%22FAILED%22%2C%22upstream_status%22%3A%22%22%2C%22search%22%3A%22%22%7D (::1) 1.26ms
2019-06-23 19:29:32,399 tornado.access[49427] INFO: 304 GET /api/task_list?data=%7B%22status%22%3A%22DISABLED%22%2C%22upstream_status%22%3A%22%22%2C%22search%22%3A%22%22%7D (::1) 1.24ms
2019-06-23 19:29:32,401 tornado.access[49427] INFO: 304 GET /api/task_list?data=%7B%22status%22%3A%22PENDING%22%2C%22upstream_status%22%3A%22UPSTREAM_DISABLED%22%2C%22search%22%3A%22%22%7D (::1) 1.15ms
2019-06-23 19:29:32,403 tornado.access[49427] INFO: 304 GET /api/task_list?data=%7B%22status%22%3A%22DONE%22%2C%22upstream_status%22%3A%22%22%2C%22search%22%3A%22%22%7D (::1) 1.06ms
2019-06-23 19:29:32,404 tornado.access[49427] INFO: 304 GET /api/task_list?data=%7B%22status%22%3A%22PENDING%22%2C%22upstream_status%22%3A%22%22%2C%22search%22%3A%22%22%7D (::1) 0.93ms
2019-06-23 19:29:32,429 tornado.access[49427] INFO: 304 GET /api/is_paused?data=%7B%7D (::1) 1.63ms
2019-06-23 19:29:49,626 tornado.access[49427] INFO: 304 GET /static/visualiser/index.html (::1) 0.70ms
2019-06-23 19:29:49,764 tornado.access[49427] INFO: 304 GET /api/is_pause_enabled?data=%7B%7D (::1) 1.69ms
2019-06-23 19:29:49,766 tornado.access[49427] INFO: 304 GET /api/resource_list?data=%7B%7D (::1) 1.20ms
2019-06-23 19:29:49,769 tornado.access[49427] INFO: 304 GET /api/worker_list?data=%7B%7D (::1) 1.56ms
2019-06-23 19:29:49,805 tornado.access[49427] INFO: 304 GET /api/task_list?data=%7B%22status%22%3A%22RUNNING%22%2C%22upstream_status%22%3A%22%22%2C%22search%22%3A%22%22%7D (::1) 1.34ms
2019-06-23 19:29:49,808 tornado.access[49427] INFO: 304 GET /api/task_list?data=%7B%22status%22%3A%22BATCH_RUNNING%22%2C%22upstream_status%22%3A%22%22%2C%22search%22%3A%22%22%7D (::1) 1.39ms
2019-06-23 19:29:49,810 tornado.access[49427] INFO: 304 GET /api/task_list?data=%7B%22status%22%3A%22FAILED%22%2C%22upstream_status%22%3A%22%22%2C%22search%22%3A%22%22%7D (::1) 1.36ms
2019-06-23 19:29:49,812 tornado.access[49427] INFO: 304 GET /api/task_list?data=%7B%22status%22%3A%22DISABLED%22%2C%22upstream_status%22%3A%22%22%2C%22search%22%3A%22%22%7D (::1) 1.02ms
2019-06-23 19:29:49,815 tornado.access[49427] INFO: 304 GET /api/task_list?data=%7B%22status%22%3A%22PENDING%22%2C%22upstream_status%22%3A%22UPSTREAM_FAILED%22%2C%22search%22%3A%22%22%7D (::1) 1.50ms
2019-06-23 19:29:49,818 tornado.access[49427] INFO: 304 GET /api/task_list?data=%7B%22status%22%3A%22PENDING%22%2C%22upstream_status%22%3A%22UPSTREAM_DISABLED%22%2C%22search%22%3A%22%22%7D (::1) 1.65ms
2019-06-23 19:29:49,821 tornado.access[49427] INFO: 304 GET /api/task_list?data=%7B%22status%22%3A%22PENDING%22%2C%22upstream_status%22%3A%22%22%2C%22search%22%3A%22%22%7D (::1) 2.06ms
2019-06-23 19:29:49,825 tornado.access[49427] INFO: 304 GET /api/task_list?data=%7B%22status%22%3A%22DONE%22%2C%22upstream_status%22%3A%22%22%2C%22search%22%3A%22%22%7D (::1) 2.25ms
2019-06-23 19:29:49,828 tornado.access[49427] INFO: 304 GET /api/is_paused?data=%7B%7D (::1) 0.96ms
2019-06-23 19:29:50,572 tornado.access[49427] INFO: 304 GET /static/visualiser/index.html (::1) 0.64ms
2019-06-23 19:29:50,693 tornado.access[49427] INFO: 304 GET /api/is_pause_enabled?data=%7B%7D (::1) 0.99ms
2019-06-23 19:29:50,695 tornado.access[49427] INFO: 304 GET /api/resource_list?data=%7B%7D (::1) 1.01ms
2019-06-23 19:29:50,697 tornado.access[49427] INFO: 304 GET /api/worker_list?data=%7B%7D (::1) 1.27ms
2019-06-23 19:29:50,722 tornado.access[49427] INFO: 304 GET /api/task_list?data=%7B%22status%22%3A%22RUNNING%22%2C%22upstream_status%22%3A%22%22%2C%22search%22%3A%22%22%7D (::1) 1.89ms
2019-06-23 19:29:50,725 tornado.access[49427] INFO: 304 GET /api/task_list?data=%7B%22status%22%3A%22PENDING%22%2C%22upstream_status%22%3A%22UPSTREAM_FAILED%22%2C%22search%22%3A%22%22%7D (::1) 1.44ms
2019-06-23 19:29:50,727 tornado.access[49427] INFO: 304 GET /api/task_list?data=%7B%22status%22%3A%22FAILED%22%2C%22upstream_status%22%3A%22%22%2C%22search%22%3A%22%22%7D (::1) 1.48ms
2019-06-23 19:29:50,730 tornado.access[49427] INFO: 304 GET /api/task_list?data=%7B%22status%22%3A%22BATCH_RUNNING%22%2C%22upstream_status%22%3A%22%22%2C%22search%22%3A%22%22%7D (::1) 1.35ms
2019-06-23 19:29:50,732 tornado.access[49427] INFO: 304 GET /api/task_list?data=%7B%22status%22%3A%22DISABLED%22%2C%22upstream_status%22%3A%22%22%2C%22search%22%3A%22%22%7D (::1) 1.22ms
2019-06-23 19:29:50,735 tornado.access[49427] INFO: 304 GET /api/task_list?data=%7B%22status%22%3A%22PENDING%22%2C%22upstream_status%22%3A%22%22%2C%22search%22%3A%22%22%7D (::1) 1.39ms
2019-06-23 19:29:50,737 tornado.access[49427] INFO: 304 GET /api/task_list?data=%7B%22status%22%3A%22PENDING%22%2C%22upstream_status%22%3A%22UPSTREAM_DISABLED%22%2C%22search%22%3A%22%22%7D (::1) 1.29ms
2019-06-23 19:29:50,739 tornado.access[49427] INFO: 304 GET /api/task_list?data=%7B%22status%22%3A%22DONE%22%2C%22upstream_status%22%3A%22%22%2C%22search%22%3A%22%22%7D (::1) 1.09ms
2019-06-23 19:29:50,832 tornado.access[49427] INFO: 304 GET /api/is_paused?data=%7B%7D (::1) 1.46ms
2019-06-23 19:30:49,396 tornado.access[49427] INFO: 304 GET /static/visualiser/index.html (::1) 0.71ms
2019-06-23 19:30:49,522 tornado.access[49427] INFO: 304 GET /api/is_pause_enabled?data=%7B%7D (::1) 1.27ms
2019-06-23 19:30:49,524 tornado.access[49427] INFO: 304 GET /api/worker_list?data=%7B%7D (::1) 1.17ms
2019-06-23 19:30:49,526 tornado.access[49427] INFO: 304 GET /api/resource_list?data=%7B%7D (::1) 1.61ms
2019-06-23 19:30:49,564 tornado.access[49427] INFO: 304 GET /api/task_list?data=%7B%22status%22%3A%22RUNNING%22%2C%22upstream_status%22%3A%22%22%2C%22search%22%3A%22%22%7D (::1) 1.53ms
2019-06-23 19:30:49,567 tornado.access[49427] INFO: 304 GET /api/task_list?data=%7B%22status%22%3A%22FAILED%22%2C%22upstream_status%22%3A%22%22%2C%22search%22%3A%22%22%7D (::1) 1.06ms
2019-06-23 19:30:49,569 tornado.access[49427] INFO: 304 GET /api/task_list?data=%7B%22status%22%3A%22PENDING%22%2C%22upstream_status%22%3A%22UPSTREAM_DISABLED%22%2C%22search%22%3A%22%22%7D (::1) 1.24ms
2019-06-23 19:30:49,570 tornado.access[49427] INFO: 304 GET /api/task_list?data=%7B%22status%22%3A%22DISABLED%22%2C%22upstream_status%22%3A%22%22%2C%22search%22%3A%22%22%7D (::1) 0.99ms
2019-06-23 19:30:49,572 tornado.access[49427] INFO: 304 GET /api/task_list?data=%7B%22status%22%3A%22BATCH_RUNNING%22%2C%22upstream_status%22%3A%22%22%2C%22search%22%3A%22%22%7D (::1) 1.23ms
2019-06-23 19:30:49,574 tornado.access[49427] INFO: 304 GET /api/task_list?data=%7B%22status%22%3A%22PENDING%22%2C%22upstream_status%22%3A%22UPSTREAM_FAILED%22%2C%22search%22%3A%22%22%7D (::1) 0.90ms
2019-06-23 19:30:49,576 tornado.access[49427] INFO: 304 GET /api/task_list?data=%7B%22status%22%3A%22PENDING%22%2C%22upstream_status%22%3A%22%22%2C%22search%22%3A%22%22%7D (::1) 1.30ms
2019-06-23 19:30:49,579 tornado.access[49427] INFO: 304 GET /api/task_list?data=%7B%22status%22%3A%22DONE%22%2C%22upstream_status%22%3A%22%22%2C%22search%22%3A%22%22%7D (::1) 1.57ms
2019-06-23 19:30:49,594 tornado.access[49427] INFO: 304 GET /api/is_paused?data=%7B%7D (::1) 1.36ms
2019-06-23 19:31:21,656 tornado.access[49427] INFO: 200 POST /api/add_task (::1) 1.38ms
2019-06-23 19:31:21,660 tornado.access[49427] INFO: 200 POST /api/add_worker (::1) 0.95ms
2019-06-23 19:31:21,663 tornado.access[49427] INFO: 200 POST /api/get_work (::1) 1.08ms
2019-06-23 19:31:22,650 tornado.access[49427] INFO: 200 POST /api/ping (::1) 1.44ms
2019-06-23 19:31:23,658 tornado.access[49427] INFO: 200 POST /api/ping (::1) 1.21ms
2019-06-23 19:31:24,665 tornado.access[49427] INFO: 200 POST /api/ping (::1) 1.57ms
2019-06-23 19:31:24,679 tornado.access[49427] INFO: 304 GET /static/visualiser/index.html (::1) 0.60ms
2019-06-23 19:31:24,804 tornado.access[49427] INFO: 304 GET /api/is_pause_enabled?data=%7B%7D (::1) 1.02ms
2019-06-23 19:31:24,807 tornado.access[49427] INFO: 304 GET /api/resource_list?data=%7B%7D (::1) 1.45ms
2019-06-23 19:31:24,810 tornado.access[49427] INFO: 200 GET /api/worker_list?data=%7B%7D (::1) 3.02ms
2019-06-23 19:31:24,842 tornado.access[49427] INFO: 200 GET /api/task_list?data=%7B%22status%22%3A%22RUNNING%22%2C%22upstream_status%22%3A%22%22%2C%22search%22%3A%22%22%7D (::1) 1.15ms
2019-06-23 19:31:24,844 tornado.access[49427] INFO: 304 GET /api/task_list?data=%7B%22status%22%3A%22FAILED%22%2C%22upstream_status%22%3A%22%22%2C%22search%22%3A%22%22%7D (::1) 0.99ms
2019-06-23 19:31:24,846 tornado.access[49427] INFO: 304 GET /api/task_list?data=%7B%22status%22%3A%22PENDING%22%2C%22upstream_status%22%3A%22UPSTREAM_FAILED%22%2C%22search%22%3A%22%22%7D (::1) 1.02ms
2019-06-23 19:31:24,848 tornado.access[49427] INFO: 304 GET /api/task_list?data=%7B%22status%22%3A%22BATCH_RUNNING%22%2C%22upstream_status%22%3A%22%22%2C%22search%22%3A%22%22%7D (::1) 0.87ms
2019-06-23 19:31:24,850 tornado.access[49427] INFO: 304 GET /api/task_list?data=%7B%22status%22%3A%22PENDING%22%2C%22upstream_status%22%3A%22%22%2C%22search%22%3A%22%22%7D (::1) 1.03ms
2019-06-23 19:31:24,852 tornado.access[49427] INFO: 304 GET /api/task_list?data=%7B%22status%22%3A%22PENDING%22%2C%22upstream_status%22%3A%22UPSTREAM_DISABLED%22%2C%22search%22%3A%22%22%7D (::1) 1.18ms
2019-06-23 19:31:24,854 tornado.access[49427] INFO: 304 GET /api/task_list?data=%7B%22status%22%3A%22DISABLED%22%2C%22upstream_status%22%3A%22%22%2C%22search%22%3A%22%22%7D (::1) 1.62ms
2019-06-23 19:31:24,857 tornado.access[49427] INFO: 304 GET /api/task_list?data=%7B%22status%22%3A%22DONE%22%2C%22upstream_status%22%3A%22%22%2C%22search%22%3A%22%22%7D (::1) 1.44ms
2019-06-23 19:31:24,870 tornado.access[49427] INFO: 304 GET /api/is_paused?data=%7B%7D (::1) 1.05ms
2019-06-23 19:31:25,670 tornado.access[49427] INFO: 200 POST /api/ping (::1) 1.38ms
2019-06-23 19:31:26,679 tornado.access[49427] INFO: 200 POST /api/ping (::1) 1.49ms
2019-06-23 19:31:27,686 tornado.access[49427] INFO: 200 POST /api/ping (::1) 1.15ms
2019-06-23 19:31:28,694 tornado.access[49427] INFO: 200 POST /api/ping (::1) 1.58ms
2019-06-23 19:31:29,701 tornado.access[49427] INFO: 200 POST /api/ping (::1) 1.57ms
2019-06-23 19:31:30,708 tornado.access[49427] INFO: 200 POST /api/ping (::1) 1.57ms
2019-06-23 19:31:31,715 tornado.access[49427] INFO: 200 POST /api/ping (::1) 1.66ms
2019-06-23 19:31:32,722 tornado.access[49427] INFO: 200 POST /api/ping (::1) 1.54ms
2019-06-23 19:31:33,728 tornado.access[49427] INFO: 200 POST /api/ping (::1) 1.28ms
2019-06-23 19:31:34,735 tornado.access[49427] INFO: 200 POST /api/ping (::1) 1.30ms
2019-06-23 19:31:35,743 tornado.access[49427] INFO: 200 POST /api/ping (::1) 1.39ms
2019-06-23 19:31:36,747 tornado.access[49427] INFO: 200 POST /api/ping (::1) 1.31ms
2019-06-23 19:31:37,756 tornado.access[49427] INFO: 200 POST /api/ping (::1) 1.55ms
2019-06-23 19:31:38,765 tornado.access[49427] INFO: 200 POST /api/ping (::1) 1.74ms
2019-06-23 19:31:39,773 tornado.access[49427] INFO: 200 POST /api/ping (::1) 1.35ms
2019-06-23 19:31:40,780 tornado.access[49427] INFO: 200 POST /api/ping (::1) 1.47ms
2019-06-23 19:31:41,788 tornado.access[49427] INFO: 200 POST /api/ping (::1) 1.35ms
2019-06-23 19:31:42,796 tornado.access[49427] INFO: 200 POST /api/ping (::1) 1.56ms
2019-06-23 19:31:43,802 tornado.access[49427] INFO: 200 POST /api/ping (::1) 1.29ms
2019-06-23 19:31:44,807 tornado.access[49427] INFO: 200 POST /api/ping (::1) 1.57ms
2019-06-23 19:31:45,813 tornado.access[49427] INFO: 200 POST /api/ping (::1) 1.35ms
2019-06-23 19:31:46,823 tornado.access[49427] INFO: 200 POST /api/ping (::1) 1.47ms
2019-06-23 19:31:47,828 tornado.access[49427] INFO: 200 POST /api/ping (::1) 1.52ms
2019-06-23 19:31:48,249 tornado.access[49427] INFO: 200 GET /api/dep_graph?data=%7B%22task_id%22%3A%22MyTask1_10_0_3c776aedc7%22%2C%22include_done%22%3Afalse%7D (::1) 1.27ms
2019-06-23 19:31:48,833 tornado.access[49427] INFO: 200 POST /api/ping (::1) 1.47ms
2019-06-23 19:31:49,842 tornado.access[49427] INFO: 200 POST /api/ping (::1) 1.46ms
2019-06-23 19:31:50,851 tornado.access[49427] INFO: 200 POST /api/ping (::1) 1.31ms
2019-06-23 19:31:51,676 tornado.access[49427] INFO: 200 POST /api/add_task (::1) 2.40ms
2019-06-23 19:31:51,680 tornado.access[49427] INFO: 200 POST /api/get_work (::1) 0.98ms
2019-06-23 19:34:26,809 tornado.access[49427] INFO: 304 GET /static/visualiser/index.html (::1) 0.67ms
2019-06-23 19:34:26,836 tornado.access[49427] INFO: 304 GET /static/visualiser/css/luigi.css (::1) 0.80ms
2019-06-23 19:34:26,838 tornado.access[49427] INFO: 304 GET /static/visualiser/lib/bootstrap3/css/bootstrap-theme.min.css (::1) 0.66ms
2019-06-23 19:34:26,839 tornado.access[49427] INFO: 304 GET /static/visualiser/lib/bootstrap3/css/bootstrap.min.css (::1) 0.54ms
2019-06-23 19:34:26,840 tornado.access[49427] INFO: 304 GET /static/visualiser/css/font-awesome.min.css (::1) 0.59ms
2019-06-23 19:34:26,841 tornado.access[49427] INFO: 304 GET /static/visualiser/lib/AdminLTE/css/AdminLTE.min.css (::1) 0.55ms
2019-06-23 19:34:26,843 tornado.access[49427] INFO: 304 GET /static/visualiser/css/tipsy.css (::1) 0.68ms
2019-06-23 19:34:26,845 tornado.access[49427] INFO: 304 GET /static/visualiser/lib/bootstrap3/js/bootstrap.min.js (::1) 1.02ms
2019-06-23 19:34:26,847 tornado.access[49427] INFO: 304 GET /static/visualiser/lib/jquery-1.10.0.min.js (::1) 0.85ms
2019-06-23 19:34:26,850 tornado.access[49427] INFO: 304 GET /static/visualiser/lib/AdminLTE/css/skin-green-light.min.css (::1) 0.80ms
2019-06-23 19:34:26,852 tornado.access[49427] INFO: 304 GET /static/visualiser/lib/d3/d3.min.js (::1) 0.76ms
2019-06-23 19:34:26,854 tornado.access[49427] INFO: 304 GET /static/visualiser/lib/bootstrap-toggle/css/bootstrap-toggle.min.css (::1) 0.88ms
2019-06-23 19:34:26,855 tornado.access[49427] INFO: 304 GET /static/visualiser/lib/d3/dagre-d3.min.js (::1) 0.74ms
2019-06-23 19:34:26,857 tornado.access[49427] INFO: 304 GET /static/visualiser/lib/datatables/css/jquery.dataTables.min.css (::1) 0.73ms
2019-06-23 19:34:26,859 tornado.access[49427] INFO: 304 GET /static/visualiser/js/luigi.js (::1) 0.69ms
2019-06-23 19:34:26,861 tornado.access[49427] INFO: 304 GET /static/visualiser/lib/mustache.js (::1) 0.70ms
2019-06-23 19:34:26,863 tornado.access[49427] INFO: 304 GET /static/visualiser/lib/AdminLTE/js/app.min.js (::1) 0.51ms
2019-06-23 19:34:26,864 tornado.access[49427] INFO: 304 GET /static/visualiser/js/graph.js (::1) 0.61ms
2019-06-23 19:34:26,866 tornado.access[49427] INFO: 304 GET /static/visualiser/js/visualiserApp.js (::1) 0.75ms
2019-06-23 19:34:26,868 tornado.access[49427] INFO: 304 GET /static/visualiser/js/tipsy.js (::1) 0.68ms
2019-06-23 19:34:26,870 tornado.access[49427] INFO: 304 GET /static/visualiser/lib/jquery.slimscroll.min.js (::1) 0.67ms
2019-06-23 19:34:26,871 tornado.access[49427] INFO: 304 GET /static/visualiser/lib/URI/1.18.2/URI.js (::1) 0.59ms
2019-06-23 19:34:26,873 tornado.access[49427] INFO: 304 GET /static/visualiser/lib/bootstrap-toggle/js/bootstrap-toggle.min.js (::1) 0.69ms
2019-06-23 19:34:26,875 tornado.access[49427] INFO: 304 GET /static/visualiser/lib/datatables/js/jquery.dataTables.min.js (::1) 0.75ms
2019-06-23 19:34:26,961 tornado.access[49427] INFO: 304 GET /api/is_pause_enabled?data=%7B%7D (::1) 1.04ms
2019-06-23 19:34:26,963 tornado.access[49427] INFO: 200 GET /api/worker_list?data=%7B%7D (::1) 1.06ms
2019-06-23 19:34:26,965 tornado.access[49427] INFO: 304 GET /api/resource_list?data=%7B%7D (::1) 1.08ms
2019-06-23 19:34:26,993 tornado.access[49427] INFO: 200 GET /api/dep_graph?data=%7B%22task_id%22%3A%22MyTask1_10_0_3c776aedc7%22%2C%22include_done%22%3Afalse%7D (::1) 1.67ms
2019-06-23 19:34:27,000 tornado.access[49427] INFO: 200 GET /api/task_list?data=%7B%22status%22%3A%22RUNNING%22%2C%22upstream_status%22%3A%22%22%2C%22search%22%3A%22%22%7D (::1) 1.08ms
2019-06-23 19:34:27,004 tornado.access[49427] INFO: 304 GET /api/task_list?data=%7B%22status%22%3A%22BATCH_RUNNING%22%2C%22upstream_status%22%3A%22%22%2C%22search%22%3A%22%22%7D (::1) 1.11ms
2019-06-23 19:34:27,006 tornado.access[49427] INFO: 304 GET /api/task_list?data=%7B%22status%22%3A%22PENDING%22%2C%22upstream_status%22%3A%22%22%2C%22search%22%3A%22%22%7D (::1) 0.89ms
2019-06-23 19:34:27,008 tornado.access[49427] INFO: 304 GET /api/task_list?data=%7B%22status%22%3A%22PENDING%22%2C%22upstream_status%22%3A%22UPSTREAM_DISABLED%22%2C%22search%22%3A%22%22%7D (::1) 1.14ms
2019-06-23 19:34:27,010 tornado.access[49427] INFO: 304 GET /api/task_list?data=%7B%22status%22%3A%22DISABLED%22%2C%22upstream_status%22%3A%22%22%2C%22search%22%3A%22%22%7D (::1) 1.50ms
2019-06-23 19:34:27,012 tornado.access[49427] INFO: 304 GET /api/task_list?data=%7B%22status%22%3A%22FAILED%22%2C%22upstream_status%22%3A%22%22%2C%22search%22%3A%22%22%7D (::1) 1.12ms
2019-06-23 19:34:27,015 tornado.access[49427] INFO: 304 GET /api/task_list?data=%7B%22status%22%3A%22PENDING%22%2C%22upstream_status%22%3A%22UPSTREAM_FAILED%22%2C%22search%22%3A%22%22%7D (::1) 1.84ms
2019-06-23 19:34:27,018 tornado.access[49427] INFO: 200 GET /api/task_list?data=%7B%22status%22%3A%22DONE%22%2C%22upstream_status%22%3A%22%22%2C%22search%22%3A%22%22%7D (::1) 1.13ms
2019-06-23 19:34:27,020 tornado.access[49427] INFO: 304 GET /api/dep_graph?data=%7B%22task_id%22%3A%22MyTask1_10_0_3c776aedc7%22%2C%22include_done%22%3Afalse%7D (::1) 0.91ms
2019-06-23 19:34:27,090 tornado.access[49427] INFO: 304 GET /api/is_paused?data=%7B%7D (::1) 1.31ms
2019-06-23 19:34:27,140 tornado.access[49427] INFO: 304 GET /api/dep_graph?data=%7B%22task_id%22%3A%22MyTask1_10_0_3c776aedc7%22%2C%22include_done%22%3Afalse%7D (::1) 1.04ms
2019-06-23 19:37:36,943 tornado.access[49427] INFO: 200 POST /api/add_task (::1) 1.21ms
2019-06-23 19:37:36,946 tornado.access[49427] INFO: 200 POST /api/add_worker (::1) 0.96ms
2019-06-23 19:37:36,949 tornado.access[49427] INFO: 200 POST /api/get_work (::1) 0.91ms
2019-06-23 19:37:37,936 tornado.access[49427] INFO: 200 POST /api/ping (::1) 0.91ms
2019-06-23 19:37:38,945 tornado.access[49427] INFO: 200 POST /api/ping (::1) 1.56ms
2019-06-23 19:37:39,952 tornado.access[49427] INFO: 200 POST /api/ping (::1) 1.50ms
2019-06-23 19:37:40,957 tornado.access[49427] INFO: 200 POST /api/ping (::1) 0.97ms
2019-06-23 19:37:41,965 tornado.access[49427] INFO: 200 POST /api/ping (::1) 1.53ms
2019-06-23 19:37:42,972 tornado.access[49427] INFO: 200 POST /api/ping (::1) 1.53ms
2019-06-23 19:37:43,981 tornado.access[49427] INFO: 200 POST /api/ping (::1) 1.60ms
2019-06-23 19:37:44,989 tornado.access[49427] INFO: 200 POST /api/ping (::1) 1.39ms
2019-06-23 19:37:45,996 tornado.access[49427] INFO: 200 POST /api/ping (::1) 2.14ms
2019-06-23 19:37:47,006 tornado.access[49427] INFO: 200 POST /api/ping (::1) 1.73ms
2019-06-23 19:37:48,015 tornado.access[49427] INFO: 200 POST /api/ping (::1) 1.57ms
2019-06-23 19:37:49,020 tornado.access[49427] INFO: 200 POST /api/ping (::1) 1.57ms
2019-06-23 19:37:50,028 tornado.access[49427] INFO: 200 POST /api/ping (::1) 1.58ms
2019-06-23 19:37:51,035 tornado.access[49427] INFO: 200 POST /api/ping (::1) 1.58ms
2019-06-23 19:37:52,041 tornado.access[49427] INFO: 200 POST /api/ping (::1) 1.60ms
2019-06-23 19:37:53,048 tornado.access[49427] INFO: 200 POST /api/ping (::1) 1.59ms
2019-06-23 19:37:54,057 tornado.access[49427] INFO: 200 POST /api/ping (::1) 1.58ms
2019-06-23 19:37:55,064 tornado.access[49427] INFO: 200 POST /api/ping (::1) 1.53ms
2019-06-23 19:37:56,070 tornado.access[49427] INFO: 200 POST /api/ping (::1) 1.64ms
2019-06-23 19:37:57,077 tornado.access[49427] INFO: 200 POST /api/ping (::1) 1.59ms
2019-06-23 19:37:58,086 tornado.access[49427] INFO: 200 POST /api/ping (::1) 3.22ms
2019-06-23 19:37:59,095 tornado.access[49427] INFO: 200 POST /api/ping (::1) 2.57ms
2019-06-23 19:38:00,104 tornado.access[49427] INFO: 200 POST /api/ping (::1) 1.62ms
2019-06-23 19:38:01,112 tornado.access[49427] INFO: 200 POST /api/ping (::1) 1.55ms
2019-06-23 19:38:02,119 tornado.access[49427] INFO: 200 POST /api/ping (::1) 1.58ms
2019-06-23 19:38:03,126 tornado.access[49427] INFO: 200 POST /api/ping (::1) 1.55ms
2019-06-23 19:38:04,134 tornado.access[49427] INFO: 200 POST /api/ping (::1) 1.53ms
2019-06-23 19:38:05,143 tornado.access[49427] INFO: 200 POST /api/ping (::1) 1.31ms
2019-06-23 19:38:06,152 tornado.access[49427] INFO: 200 POST /api/ping (::1) 1.56ms
2019-06-23 19:38:06,962 tornado.access[49427] INFO: 200 POST /api/add_task (::1) 1.56ms
2019-06-23 19:38:06,966 tornado.access[49427] INFO: 200 POST /api/get_work (::1) 1.69ms
2019-06-23 19:43:34,014 luigi.scheduler[49427] INFO: Removing task u'MyTask1_10_0_3c776aedc7'
2019-06-23 19:49:34,014 luigi.scheduler[49427] INFO: Removing task u'MyTask1_test_files_payme_76d9f02e93'
2019-06-23 19:53:09,376 luigi.server[49896] INFO: Checking pid file
2019-06-23 19:53:09,377 luigi.server[49896] INFO: Server already running (pid=49427)
2019-06-23 19:55:12,067 luigi.server[49980] INFO: Checking pid file
2019-06-23 19:55:12,068 luigi.server[49980] INFO: Writing pid file
2019-06-23 19:55:12,072 luigi.scheduler[49980] INFO: No prior state file exists at statefile. Starting with empty state
2019-06-23 19:55:12,078 luigi.server[49980] INFO: Scheduler starting up
2019-06-23 19:55:17,964 tornado.access[49980] INFO: 304 GET /static/visualiser/index.html (::1) 8.90ms
2019-06-23 19:55:18,015 tornado.access[49980] INFO: 304 GET /static/visualiser/css/luigi.css (::1) 2.08ms
2019-06-23 19:55:18,018 tornado.access[49980] INFO: 304 GET /static/visualiser/lib/bootstrap3/css/bootstrap-theme.min.css (::1) 1.74ms
2019-06-23 19:55:18,023 tornado.access[49980] INFO: 304 GET /static/visualiser/lib/jquery-1.10.0.min.js (::1) 2.86ms
2019-06-23 19:55:18,026 tornado.access[49980] INFO: 304 GET /static/visualiser/css/tipsy.css (::1) 1.68ms
2019-06-23 19:55:18,030 tornado.access[49980] INFO: 304 GET /static/visualiser/lib/AdminLTE/css/AdminLTE.min.css (::1) 2.64ms
2019-06-23 19:55:18,033 tornado.access[49980] INFO: 304 GET /static/visualiser/lib/bootstrap3/js/bootstrap.min.js (::1) 1.56ms
2019-06-23 19:55:18,036 tornado.access[49980] INFO: 304 GET /static/visualiser/lib/AdminLTE/css/skin-green-light.min.css (::1) 1.34ms
2019-06-23 19:55:18,039 tornado.access[49980] INFO: 304 GET /static/visualiser/lib/datatables/css/jquery.dataTables.min.css (::1) 1.85ms
2019-06-23 19:55:18,042 tornado.access[49980] INFO: 304 GET /static/visualiser/lib/bootstrap-toggle/css/bootstrap-toggle.min.css (::1) 1.67ms
2019-06-23 19:55:18,046 tornado.access[49980] INFO: 304 GET /static/visualiser/lib/bootstrap3/css/bootstrap.min.css (::1) 2.79ms
2019-06-23 19:55:18,049 tornado.access[49980] INFO: 304 GET /static/visualiser/css/font-awesome.min.css (::1) 1.44ms
2019-06-23 19:55:18,053 tornado.access[49980] INFO: 304 GET /static/visualiser/lib/d3/d3.min.js (::1) 3.07ms
2019-06-23 19:55:18,056 tornado.access[49980] INFO: 304 GET /static/visualiser/lib/d3/dagre-d3.min.js (::1) 2.65ms
2019-06-23 19:55:18,059 tornado.access[49980] INFO: 304 GET /static/visualiser/lib/mustache.js (::1) 1.17ms
2019-06-23 19:55:18,061 tornado.access[49980] INFO: 304 GET /static/visualiser/js/luigi.js (::1) 0.98ms
2019-06-23 19:55:18,064 tornado.access[49980] INFO: 304 GET /static/visualiser/js/visualiserApp.js (::1) 1.53ms
2019-06-23 19:55:18,066 tornado.access[49980] INFO: 304 GET /static/visualiser/js/tipsy.js (::1) 1.18ms
2019-06-23 19:55:18,068 tornado.access[49980] INFO: 304 GET /static/visualiser/lib/jquery.slimscroll.min.js (::1) 0.98ms
2019-06-23 19:55:18,070 tornado.access[49980] INFO: 304 GET /static/visualiser/lib/AdminLTE/js/app.min.js (::1) 0.89ms
2019-06-23 19:55:18,073 tornado.access[49980] INFO: 304 GET /static/visualiser/lib/datatables/js/jquery.dataTables.min.js (::1) 2.27ms
2019-06-23 19:55:18,075 tornado.access[49980] INFO: 304 GET /static/visualiser/js/graph.js (::1) 1.24ms
2019-06-23 19:55:18,078 tornado.access[49980] INFO: 304 GET /static/visualiser/lib/URI/1.18.2/URI.js (::1) 1.58ms
2019-06-23 19:55:18,080 tornado.access[49980] INFO: 304 GET /static/visualiser/lib/bootstrap-toggle/js/bootstrap-toggle.min.js (::1) 0.97ms
2019-06-23 19:55:18,300 tornado.access[49980] INFO: 304 GET /api/is_pause_enabled?data=%7B%7D (::1) 1.70ms
2019-06-23 19:55:18,302 tornado.access[49980] INFO: 304 GET /api/worker_list?data=%7B%7D (::1) 1.18ms
2019-06-23 19:55:18,304 tornado.access[49980] INFO: 304 GET /api/resource_list?data=%7B%7D (::1) 1.04ms
2019-06-23 19:55:18,316 tornado.access[49980] INFO: 304 GET /static/visualiser/lib/datatables/images/sort_both.png (::1) 1.07ms
2019-06-23 19:55:18,342 tornado.access[49980] INFO: 304 GET /api/task_list?data=%7B%22status%22%3A%22RUNNING%22%2C%22upstream_status%22%3A%22%22%2C%22search%22%3A%22%22%7D (::1) 1.19ms
2019-06-23 19:55:18,345 tornado.access[49980] INFO: 304 GET /api/task_list?data=%7B%22status%22%3A%22BATCH_RUNNING%22%2C%22upstream_status%22%3A%22%22%2C%22search%22%3A%22%22%7D (::1) 1.20ms
2019-06-23 19:55:18,347 tornado.access[49980] INFO: 304 GET /api/task_list?data=%7B%22status%22%3A%22FAILED%22%2C%22upstream_status%22%3A%22%22%2C%22search%22%3A%22%22%7D (::1) 1.40ms
2019-06-23 19:55:18,350 tornado.access[49980] INFO: 304 GET /api/task_list?data=%7B%22status%22%3A%22PENDING%22%2C%22upstream_status%22%3A%22UPSTREAM_DISABLED%22%2C%22search%22%3A%22%22%7D (::1) 1.43ms
2019-06-23 19:55:18,352 tornado.access[49980] INFO: 304 GET /api/task_list?data=%7B%22status%22%3A%22DISABLED%22%2C%22upstream_status%22%3A%22%22%2C%22search%22%3A%22%22%7D (::1) 1.42ms
2019-06-23 19:55:18,354 tornado.access[49980] INFO: 304 GET /api/task_list?data=%7B%22status%22%3A%22PENDING%22%2C%22upstream_status%22%3A%22UPSTREAM_FAILED%22%2C%22search%22%3A%22%22%7D (::1) 1.28ms
2019-06-23 19:55:18,356 tornado.access[49980] INFO: 304 GET /api/task_list?data=%7B%22status%22%3A%22PENDING%22%2C%22upstream_status%22%3A%22%22%2C%22search%22%3A%22%22%7D (::1) 1.08ms
2019-06-23 19:55:18,359 tornado.access[49980] INFO: 200 GET /api/task_list?data=%7B%22status%22%3A%22DONE%22%2C%22upstream_status%22%3A%22%22%2C%22search%22%3A%22%22%7D (::1) 1.28ms
2019-06-23 19:55:18,408 tornado.access[49980] INFO: 304 GET /api/is_paused?data=%7B%7D (::1) 1.00ms
2019-06-23 19:55:35,391 luigi.server[50003] INFO: Checking pid file
2019-06-23 19:55:35,392 luigi.server[50003] INFO: Writing pid file
2019-06-23 19:55:35,396 luigi.scheduler[50003] INFO: No prior state file exists at statefile. Starting with empty state
2019-06-23 19:55:35,401 luigi.server[50003] INFO: Scheduler starting up
2019-06-23 19:56:33,419 luigi.server[50036] INFO: Checking pid file
2019-06-23 19:56:33,420 luigi.server[50036] INFO: Server already running (pid=50003)
2019-06-23 19:56:53,618 luigi.server[50062] INFO: Checking pid file
2019-06-23 19:56:53,619 luigi.server[50062] INFO: Writing pid file
2019-06-23 19:56:53,623 luigi.scheduler[50062] INFO: No prior state file exists at statefile. Starting with empty state
2019-06-23 19:56:53,630 luigi.server[50062] INFO: Scheduler starting up
2019-06-23 19:57:18,707 luigi.server[50083] INFO: Checking pid file
2019-06-23 19:57:18,708 luigi.server[50083] INFO: Writing pid file
2019-06-23 19:57:18,712 luigi.scheduler[50083] INFO: No prior state file exists at statefile. Starting with empty state
2019-06-23 19:57:18,718 luigi.server[50083] INFO: Scheduler starting up
2019-06-23 19:57:27,200 luigi.server[50101] INFO: Checking pid file
2019-06-23 19:57:27,201 luigi.server[50101] INFO: Writing pid file
2019-06-23 19:57:27,205 luigi.scheduler[50101] INFO: No prior state file exists at statefile. Starting with empty state
2019-06-23 19:57:27,210 luigi.server[50101] INFO: Scheduler starting up
2019-06-23 19:57:30,857 tornado.access[50101] INFO: 304 GET /static/visualiser/index.html (::1) 7.43ms
2019-06-23 19:57:31,228 tornado.access[50101] INFO: 304 GET /api/resource_list?data=%7B%7D (::1) 1.99ms
2019-06-23 19:57:31,230 tornado.access[50101] INFO: 304 GET /api/is_pause_enabled?data=%7B%7D (::1) 0.86ms
2019-06-23 19:57:31,231 tornado.access[50101] INFO: 304 GET /api/worker_list?data=%7B%7D (::1) 0.86ms
2019-06-23 19:57:31,277 tornado.access[50101] INFO: 304 GET /api/task_list?data=%7B%22status%22%3A%22BATCH_RUNNING%22%2C%22upstream_status%22%3A%22%22%2C%22search%22%3A%22%22%7D (::1) 1.85ms
2019-06-23 19:57:31,279 tornado.access[50101] INFO: 304 GET /api/task_list?data=%7B%22status%22%3A%22RUNNING%22%2C%22upstream_status%22%3A%22%22%2C%22search%22%3A%22%22%7D (::1) 1.48ms
2019-06-23 19:57:31,282 tornado.access[50101] INFO: 304 GET /api/task_list?data=%7B%22status%22%3A%22DISABLED%22%2C%22upstream_status%22%3A%22%22%2C%22search%22%3A%22%22%7D (::1) 1.44ms
2019-06-23 19:57:31,284 tornado.access[50101] INFO: 304 GET /api/task_list?data=%7B%22status%22%3A%22PENDING%22%2C%22upstream_status%22%3A%22UPSTREAM_DISABLED%22%2C%22search%22%3A%22%22%7D (::1) 1.13ms
2019-06-23 19:57:31,286 tornado.access[50101] INFO: 304 GET /api/task_list?data=%7B%22status%22%3A%22DONE%22%2C%22upstream_status%22%3A%22%22%2C%22search%22%3A%22%22%7D (::1) 0.99ms
2019-06-23 19:57:31,289 tornado.access[50101] INFO: 304 GET /api/task_list?data=%7B%22status%22%3A%22PENDING%22%2C%22upstream_status%22%3A%22UPSTREAM_FAILED%22%2C%22search%22%3A%22%22%7D (::1) 1.16ms
2019-06-23 19:57:31,290 tornado.access[50101] INFO: 304 GET /api/task_list?data=%7B%22status%22%3A%22FAILED%22%2C%22upstream_status%22%3A%22%22%2C%22search%22%3A%22%22%7D (::1) 0.78ms
2019-06-23 19:57:31,292 tornado.access[50101] INFO: 304 GET /api/task_list?data=%7B%22status%22%3A%22PENDING%22%2C%22upstream_status%22%3A%22%22%2C%22search%22%3A%22%22%7D (::1) 0.83ms
2019-06-23 19:57:31,355 tornado.access[50101] INFO: 304 GET /api/is_paused?data=%7B%7D (::1) 0.95ms
2019-06-23 19:59:16,134 luigi.server[50161] INFO: Checking pid file
2019-06-23 19:59:16,134 luigi.server[50161] INFO: Writing pid file
2019-06-23 19:59:16,139 luigi.scheduler[50161] INFO: No prior state file exists at statefile. Starting with empty state
2019-06-23 19:59:16,145 luigi.server[50161] INFO: Scheduler starting up
2019-06-23 20:01:55,920 luigi.server[50244] INFO: Checking pid file
2019-06-23 20:01:55,921 luigi.server[50244] INFO: Writing pid file
2019-06-23 20:01:55,925 luigi.scheduler[50244] INFO: No prior state file exists at statefile. Starting with empty state
2019-06-23 20:01:55,931 luigi.server[50244] INFO: Scheduler starting up
2019-06-23 20:03:28,463 luigi.server[50294] INFO: Checking pid file
2019-06-23 20:03:28,464 luigi.server[50294] INFO: Writing pid file
2019-06-23 20:03:28,469 luigi.scheduler[50294] INFO: No prior state file exists at statefile. Starting with empty state
2019-06-23 20:03:28,475 luigi.server[50294] INFO: Scheduler starting up
2019-06-23 20:06:01,264 luigi.server[50355] INFO: Checking pid file
2019-06-23 20:06:01,265 luigi.server[50355] INFO: Writing pid file
2019-06-23 20:06:01,270 luigi.scheduler[50355] INFO: No prior state file exists at statefile. Starting with empty state
2019-06-23 20:06:01,276 luigi.server[50355] INFO: Scheduler starting up
2019-06-23 20:08:38,159 luigi.server[50436] INFO: Checking pid file
2019-06-23 20:08:38,160 luigi.server[50436] INFO: Server already running (pid=50355)
2019-06-23 20:27:00,317 luigi.server[50954] INFO: Checking pid file
2019-06-23 20:27:00,318 luigi.server[50954] INFO: Writing pid file
2019-06-23 20:27:00,323 luigi.scheduler[50954] INFO: No prior state file exists at statefile. Starting with empty state
2019-06-23 20:27:00,329 luigi.server[50954] INFO: Scheduler starting up
2019-06-23 20:41:05,033 tornado.access[50954] INFO: 200 POST /api/add_task (::1) 2.52ms
2019-06-23 20:42:11,181 tornado.access[50954] INFO: 200 POST /api/add_task (::1) 1.25ms
2019-06-23 20:42:31,405 luigi.server[51874] INFO: Checking pid file
2019-06-23 20:42:31,406 luigi.server[51874] INFO: Server already running (pid=50954)
2019-06-23 20:42:33,572 tornado.access[50954] INFO: 200 POST /api/add_task (::1) 1.14ms
2019-06-23 20:42:48,282 tornado.access[50954] INFO: 200 POST /api/add_task (::1) 1.19ms
2019-06-23 20:43:18,533 tornado.access[50954] INFO: 200 POST /api/add_task (::1) 1.14ms
2019-06-23 20:43:18,537 tornado.access[50954] INFO: 200 POST /api/add_task (::1) 1.19ms
2019-06-23 20:43:18,539 tornado.access[50954] INFO: 200 POST /api/add_worker (::1) 0.92ms
2019-06-23 20:43:18,542 tornado.access[50954] INFO: 200 POST /api/get_work (::1) 1.01ms
2019-06-23 20:43:18,549 tornado.access[50954] INFO: 200 POST /api/add_task (::1) 1.49ms
2019-06-23 20:43:18,553 tornado.access[50954] INFO: 200 POST /api/get_work (::1) 1.20ms
2019-06-23 20:43:18,561 tornado.access[50954] INFO: 200 POST /api/add_task (::1) 1.12ms
2019-06-23 20:43:18,563 tornado.access[50954] INFO: 200 POST /api/get_work (::1) 0.92ms
2019-06-23 20:43:32,708 tornado.access[50954] INFO: 302 GET / (::1) 0.36ms
2019-06-23 20:43:32,724 tornado.access[50954] INFO: 304 GET /static/visualiser/index.html (::1) 11.12ms
2019-06-23 20:43:32,784 tornado.access[50954] INFO: 304 GET /static/visualiser/css/luigi.css (::1) 1.36ms
2019-06-23 20:43:32,792 tornado.access[50954] INFO: 304 GET /static/visualiser/lib/AdminLTE/css/AdminLTE.min.css (::1) 3.06ms
2019-06-23 20:43:32,796 tornado.access[50954] INFO: 304 GET /static/visualiser/lib/jquery-1.10.0.min.js (::1) 2.51ms
2019-06-23 20:43:32,799 tornado.access[50954] INFO: 304 GET /static/visualiser/lib/bootstrap3/js/bootstrap.min.js (::1) 1.66ms
2019-06-23 20:43:32,801 tornado.access[50954] INFO: 304 GET /static/visualiser/css/font-awesome.min.css (::1) 1.35ms
2019-06-23 20:43:32,803 tornado.access[50954] INFO: 304 GET /static/visualiser/lib/AdminLTE/css/skin-green-light.min.css (::1) 1.13ms
2019-06-23 20:43:32,806 tornado.access[50954] INFO: 304 GET /static/visualiser/lib/datatables/css/jquery.dataTables.min.css (::1) 1.43ms
2019-06-23 20:43:32,808 tornado.access[50954] INFO: 304 GET /static/visualiser/lib/bootstrap-toggle/css/bootstrap-toggle.min.css (::1) 1.06ms
2019-06-23 20:43:32,813 tornado.access[50954] INFO: 304 GET /static/visualiser/lib/d3/d3.min.js (::1) 3.10ms
2019-06-23 20:43:32,816 tornado.access[50954] INFO: 304 GET /static/visualiser/lib/d3/dagre-d3.min.js (::1) 2.41ms
2019-06-23 20:43:32,820 tornado.access[50954] INFO: 304 GET /static/visualiser/lib/bootstrap3/css/bootstrap.min.css (::1) 2.81ms
2019-06-23 20:43:32,822 tornado.access[50954] INFO: 304 GET /static/visualiser/lib/bootstrap3/css/bootstrap-theme.min.css (::1) 1.52ms
2019-06-23 20:43:32,824 tornado.access[50954] INFO: 304 GET /static/visualiser/css/tipsy.css (::1) 1.09ms
2019-06-23 20:43:32,827 tornado.access[50954] INFO: 304 GET /static/visualiser/lib/mustache.js (::1) 1.17ms
2019-06-23 20:43:32,829 tornado.access[50954] INFO: 304 GET /static/visualiser/js/luigi.js (::1) 1.15ms
2019-06-23 20:43:32,831 tornado.access[50954] INFO: 304 GET /static/visualiser/js/graph.js (::1) 1.22ms
2019-06-23 20:43:32,835 tornado.access[50954] INFO: 304 GET /static/visualiser/js/visualiserApp.js (::1) 1.79ms
2019-06-23 20:43:32,866 tornado.access[50954] INFO: 304 GET /static/visualiser/js/tipsy.js (::1) 1.69ms
2019-06-23 20:43:32,869 tornado.access[50954] INFO: 304 GET /static/visualiser/lib/jquery.slimscroll.min.js (::1) 1.19ms
2019-06-23 20:43:32,871 tornado.access[50954] INFO: 304 GET /static/visualiser/lib/AdminLTE/js/app.min.js (::1) 1.19ms
2019-06-23 20:43:32,874 tornado.access[50954] INFO: 304 GET /static/visualiser/lib/datatables/js/jquery.dataTables.min.js (::1) 2.22ms
2019-06-23 20:43:32,877 tornado.access[50954] INFO: 304 GET /static/visualiser/lib/URI/1.18.2/URI.js (::1) 1.93ms
2019-06-23 20:43:32,879 tornado.access[50954] INFO: 304 GET /static/visualiser/lib/bootstrap-toggle/js/bootstrap-toggle.min.js (::1) 1.20ms
2019-06-23 20:43:33,105 tornado.access[50954] INFO: 304 GET /api/is_pause_enabled?data=%7B%7D (::1) 1.07ms
2019-06-23 20:43:33,107 tornado.access[50954] INFO: 304 GET /api/resource_list?data=%7B%7D (::1) 1.25ms
2019-06-23 20:43:33,109 tornado.access[50954] INFO: 200 GET /api/worker_list?data=%7B%7D (::1) 1.58ms
2019-06-23 20:43:33,126 tornado.access[50954] INFO: 304 GET /static/visualiser/lib/datatables/images/sort_both.png (::1) 1.64ms
2019-06-23 20:43:33,143 tornado.access[50954] INFO: 304 GET /api/task_list?data=%7B%22status%22%3A%22RUNNING%22%2C%22upstream_status%22%3A%22%22%2C%22search%22%3A%22%22%7D (::1) 1.37ms
2019-06-23 20:43:33,147 tornado.access[50954] INFO: 200 GET /api/task_list?data=%7B%22status%22%3A%22FAILED%22%2C%22upstream_status%22%3A%22%22%2C%22search%22%3A%22%22%7D (::1) 1.69ms
2019-06-23 20:43:33,149 tornado.access[50954] INFO: 304 GET /api/task_list?data=%7B%22status%22%3A%22BATCH_RUNNING%22%2C%22upstream_status%22%3A%22%22%2C%22search%22%3A%22%22%7D (::1) 1.42ms
2019-06-23 20:43:33,151 tornado.access[50954] INFO: 304 GET /api/task_list?data=%7B%22status%22%3A%22PENDING%22%2C%22upstream_status%22%3A%22UPSTREAM_FAILED%22%2C%22search%22%3A%22%22%7D (::1) 1.05ms
2019-06-23 20:43:33,155 tornado.access[50954] INFO: 304 GET /api/task_list?data=%7B%22status%22%3A%22DONE%22%2C%22upstream_status%22%3A%22%22%2C%22search%22%3A%22%22%7D (::1) 1.68ms
2019-06-23 20:43:33,158 tornado.access[50954] INFO: 304 GET /api/task_list?data=%7B%22status%22%3A%22PENDING%22%2C%22upstream_status%22%3A%22%22%2C%22search%22%3A%22%22%7D (::1) 1.59ms
2019-06-23 20:43:33,160 tornado.access[50954] INFO: 304 GET /api/task_list?data=%7B%22status%22%3A%22PENDING%22%2C%22upstream_status%22%3A%22UPSTREAM_DISABLED%22%2C%22search%22%3A%22%22%7D (::1) 1.19ms
2019-06-23 20:43:33,162 tornado.access[50954] INFO: 304 GET /api/task_list?data=%7B%22status%22%3A%22DISABLED%22%2C%22upstream_status%22%3A%22%22%2C%22search%22%3A%22%22%7D (::1) 1.57ms
2019-06-23 20:43:33,227 tornado.access[50954] INFO: 304 GET /api/is_paused?data=%7B%7D (::1) 1.10ms
2019-06-23 20:43:37,966 tornado.access[50954] INFO: 200 GET /api/fetch_error?data=%7B%22task_id%22%3A%22ReadCsvHeaders_test_files_payme_76d9f02e93%22%7D (::1) 1.25ms
2019-06-23 20:45:24,228 tornado.access[50954] INFO: 200 POST /api/add_task (::1) 1.23ms
2019-06-23 20:45:24,232 tornado.access[50954] INFO: 200 POST /api/add_task (::1) 1.17ms
2019-06-23 20:45:24,235 tornado.access[50954] INFO: 200 POST /api/add_worker (::1) 0.91ms
2019-06-23 20:45:24,237 tornado.access[50954] INFO: 200 POST /api/get_work (::1) 1.36ms
2019-06-23 20:45:25,222 tornado.access[50954] INFO: 200 POST /api/ping (::1) 1.52ms
2019-06-23 20:45:26,229 tornado.access[50954] INFO: 200 POST /api/ping (::1) 1.55ms
2019-06-23 20:45:27,236 tornado.access[50954] INFO: 200 POST /api/ping (::1) 1.58ms
2019-06-23 20:45:28,244 tornado.access[50954] INFO: 200 POST /api/ping (::1) 1.56ms
2019-06-23 20:45:29,251 tornado.access[50954] INFO: 200 POST /api/ping (::1) 1.48ms
2019-06-23 20:45:30,257 tornado.access[50954] INFO: 200 POST /api/ping (::1) 1.12ms
2019-06-23 20:45:31,264 tornado.access[50954] INFO: 200 POST /api/ping (::1) 1.48ms
2019-06-23 20:45:32,271 tornado.access[50954] INFO: 200 POST /api/ping (::1) 0.99ms
2019-06-23 20:45:32,991 tornado.access[50954] INFO: 304 GET /static/visualiser/index.html (::1) 0.73ms
2019-06-23 20:45:33,131 tornado.access[50954] INFO: 304 GET /api/is_pause_enabled?data=%7B%7D (::1) 1.24ms
2019-06-23 20:45:33,133 tornado.access[50954] INFO: 304 GET /api/resource_list?data=%7B%7D (::1) 1.14ms
2019-06-23 20:45:33,135 tornado.access[50954] INFO: 200 GET /api/worker_list?data=%7B%7D (::1) 1.56ms
2019-06-23 20:45:33,160 tornado.access[50954] INFO: 200 GET /api/task_list?data=%7B%22status%22%3A%22RUNNING%22%2C%22upstream_status%22%3A%22%22%2C%22search%22%3A%22%22%7D (::1) 1.36ms
2019-06-23 20:45:33,162 tornado.access[50954] INFO: 304 GET /api/task_list?data=%7B%22status%22%3A%22PENDING%22%2C%22upstream_status%22%3A%22UPSTREAM_FAILED%22%2C%22search%22%3A%22%22%7D (::1) 1.21ms
2019-06-23 20:45:33,165 tornado.access[50954] INFO: 304 GET /api/task_list?data=%7B%22status%22%3A%22BATCH_RUNNING%22%2C%22upstream_status%22%3A%22%22%2C%22search%22%3A%22%22%7D (::1) 1.91ms
2019-06-23 20:45:33,167 tornado.access[50954] INFO: 304 GET /api/task_list?data=%7B%22status%22%3A%22DISABLED%22%2C%22upstream_status%22%3A%22%22%2C%22search%22%3A%22%22%7D (::1) 1.13ms
2019-06-23 20:45:33,170 tornado.access[50954] INFO: 304 GET /api/task_list?data=%7B%22status%22%3A%22PENDING%22%2C%22upstream_status%22%3A%22UPSTREAM_DISABLED%22%2C%22search%22%3A%22%22%7D (::1) 1.73ms
2019-06-23 20:45:33,172 tornado.access[50954] INFO: 200 GET /api/task_list?data=%7B%22status%22%3A%22FAILED%22%2C%22upstream_status%22%3A%22%22%2C%22search%22%3A%22%22%7D (::1) 1.85ms
2019-06-23 20:45:33,176 tornado.access[50954] INFO: 200 GET /api/task_list?data=%7B%22status%22%3A%22PENDING%22%2C%22upstream_status%22%3A%22%22%2C%22search%22%3A%22%22%7D (::1) 1.81ms
2019-06-23 20:45:33,179 tornado.access[50954] INFO: 304 GET /api/task_list?data=%7B%22status%22%3A%22DONE%22%2C%22upstream_status%22%3A%22%22%2C%22search%22%3A%22%22%7D (::1) 1.21ms
2019-06-23 20:45:33,181 tornado.access[50954] INFO: 304 GET /api/is_paused?data=%7B%7D (::1) 0.82ms
2019-06-23 20:45:33,278 tornado.access[50954] INFO: 200 POST /api/ping (::1) 1.58ms
2019-06-23 20:45:34,287 tornado.access[50954] INFO: 200 POST /api/ping (::1) 1.72ms
2019-06-23 20:45:35,297 tornado.access[50954] INFO: 200 POST /api/ping (::1) 1.50ms
2019-06-23 20:45:36,304 tornado.access[50954] INFO: 200 POST /api/ping (::1) 1.49ms
2019-06-23 20:45:37,313 tornado.access[50954] INFO: 200 POST /api/ping (::1) 1.57ms
2019-06-23 20:45:38,321 tornado.access[50954] INFO: 200 POST /api/ping (::1) 1.58ms
2019-06-23 20:45:39,329 tornado.access[50954] INFO: 200 POST /api/ping (::1) 1.59ms
2019-06-23 20:45:40,337 tornado.access[50954] INFO: 200 POST /api/ping (::1) 0.95ms
2019-06-23 20:45:40,396 tornado.access[50954] INFO: 200 GET /api/dep_graph?data=%7B%22task_id%22%3A%22ReadCsvHeaders_test_files_payme_76d9f02e93%22%2C%22include_done%22%3Afalse%7D (::1) 1.75ms
2019-06-23 20:45:41,346 tornado.access[50954] INFO: 200 POST /api/ping (::1) 1.49ms
2019-06-23 20:45:42,354 tornado.access[50954] INFO: 200 POST /api/ping (::1) 1.57ms
2019-06-23 20:45:43,364 tornado.access[50954] INFO: 200 POST /api/ping (::1) 1.60ms
2019-06-23 20:45:44,373 tornado.access[50954] INFO: 200 POST /api/ping (::1) 1.49ms
2019-06-23 20:45:45,382 tornado.access[50954] INFO: 200 POST /api/ping (::1) 1.64ms
2019-06-23 20:45:46,390 tornado.access[50954] INFO: 200 POST /api/ping (::1) 1.55ms
2019-06-23 20:45:47,398 tornado.access[50954] INFO: 200 POST /api/ping (::1) 1.54ms
2019-06-23 20:45:48,406 tornado.access[50954] INFO: 200 POST /api/ping (::1) 1.57ms
2019-06-23 20:45:49,412 tornado.access[50954] INFO: 200 POST /api/ping (::1) 1.55ms
2019-06-23 20:45:50,421 tornado.access[50954] INFO: 200 POST /api/ping (::1) 1.57ms
2019-06-23 20:45:51,428 tornado.access[50954] INFO: 200 POST /api/ping (::1) 1.63ms
2019-06-23 20:45:52,435 tornado.access[50954] INFO: 200 POST /api/ping (::1) 1.50ms
2019-06-23 20:45:53,440 tornado.access[50954] INFO: 200 POST /api/ping (::1) 1.27ms
2019-06-23 20:45:54,248 tornado.access[50954] INFO: 200 POST /api/add_task (::1) 1.55ms
2019-06-23 20:45:54,251 tornado.access[50954] INFO: 200 POST /api/get_work (::1) 1.18ms
2019-06-23 20:45:54,448 tornado.access[50954] INFO: 200 POST /api/ping (::1) 1.53ms
2019-06-23 20:45:55,456 tornado.access[50954] INFO: 200 POST /api/ping (::1) 1.52ms
2019-06-23 20:45:56,464 tornado.access[50954] INFO: 200 POST /api/ping (::1) 1.41ms
2019-06-23 20:45:57,469 tornado.access[50954] INFO: 200 POST /api/ping (::1) 1.57ms
2019-06-23 20:45:58,476 tornado.access[50954] INFO: 200 POST /api/ping (::1) 1.48ms
2019-06-23 20:45:59,420 tornado.access[50954] INFO: 304 GET /static/visualiser/index.html (::1) 0.67ms
2019-06-23 20:45:59,482 tornado.access[50954] INFO: 200 POST /api/ping (::1) 0.96ms
2019-06-23 20:45:59,564 tornado.access[50954] INFO: 304 GET /api/is_pause_enabled?data=%7B%7D (::1) 0.91ms
2019-06-23 20:45:59,567 tornado.access[50954] INFO: 200 GET /api/worker_list?data=%7B%7D (::1) 1.57ms
2019-06-23 20:45:59,569 tornado.access[50954] INFO: 304 GET /api/resource_list?data=%7B%7D (::1) 1.34ms
2019-06-23 20:45:59,600 tornado.access[50954] INFO: 200 GET /api/task_list?data=%7B%22status%22%3A%22RUNNING%22%2C%22upstream_status%22%3A%22%22%2C%22search%22%3A%22%22%7D (::1) 1.22ms
2019-06-23 20:45:59,603 tornado.access[50954] INFO: 304 GET /api/task_list?data=%7B%22status%22%3A%22BATCH_RUNNING%22%2C%22upstream_status%22%3A%22%22%2C%22search%22%3A%22%22%7D (::1) 1.59ms
2019-06-23 20:45:59,605 tornado.access[50954] INFO: 304 GET /api/task_list?data=%7B%22status%22%3A%22PENDING%22%2C%22upstream_status%22%3A%22UPSTREAM_DISABLED%22%2C%22search%22%3A%22%22%7D (::1) 1.35ms
2019-06-23 20:45:59,607 tornado.access[50954] INFO: 304 GET /api/task_list?data=%7B%22status%22%3A%22DISABLED%22%2C%22upstream_status%22%3A%22%22%2C%22search%22%3A%22%22%7D (::1) 1.37ms
2019-06-23 20:45:59,609 tornado.access[50954] INFO: 304 GET /api/task_list?data=%7B%22status%22%3A%22FAILED%22%2C%22upstream_status%22%3A%22%22%2C%22search%22%3A%22%22%7D (::1) 1.33ms
2019-06-23 20:45:59,611 tornado.access[50954] INFO: 304 GET /api/task_list?data=%7B%22status%22%3A%22PENDING%22%2C%22upstream_status%22%3A%22UPSTREAM_FAILED%22%2C%22search%22%3A%22%22%7D (::1) 1.66ms
2019-06-23 20:45:59,614 tornado.access[50954] INFO: 200 GET /api/task_list?data=%7B%22status%22%3A%22PENDING%22%2C%22upstream_status%22%3A%22%22%2C%22search%22%3A%22%22%7D (::1) 1.27ms
2019-06-23 20:45:59,617 tornado.access[50954] INFO: 200 GET /api/task_list?data=%7B%22status%22%3A%22DONE%22%2C%22upstream_status%22%3A%22%22%2C%22search%22%3A%22%22%7D (::1) 1.06ms
2019-06-23 20:45:59,619 tornado.access[50954] INFO: 304 GET /api/is_paused?data=%7B%7D (::1) 0.87ms
2019-06-23 20:46:00,490 tornado.access[50954] INFO: 200 POST /api/ping (::1) 1.58ms
2019-06-23 20:46:01,494 tornado.access[50954] INFO: 200 POST /api/ping (::1) 0.95ms
2019-06-23 20:46:02,503 tornado.access[50954] INFO: 200 POST /api/ping (::1) 1.67ms
2019-06-23 20:46:03,511 tornado.access[50954] INFO: 200 POST /api/ping (::1) 1.13ms
2019-06-23 20:46:04,518 tornado.access[50954] INFO: 200 POST /api/ping (::1) 1.64ms
2019-06-23 20:46:05,533 tornado.access[50954] INFO: 200 POST /api/ping (::1) 3.94ms
2019-06-23 20:46:06,543 tornado.access[50954] INFO: 200 POST /api/ping (::1) 1.45ms
2019-06-23 20:46:07,550 tornado.access[50954] INFO: 200 POST /api/ping (::1) 2.15ms
2019-06-23 20:46:08,560 tornado.access[50954] INFO: 200 POST /api/ping (::1) 2.19ms
2019-06-23 20:46:09,569 tornado.access[50954] INFO: 200 POST /api/ping (::1) 1.61ms
2019-06-23 20:46:10,580 tornado.access[50954] INFO: 200 POST /api/ping (::1) 2.19ms
2019-06-23 20:46:11,586 tornado.access[50954] INFO: 200 POST /api/ping (::1) 1.54ms
2019-06-23 20:46:12,591 tornado.access[50954] INFO: 200 POST /api/ping (::1) 1.57ms
2019-06-23 20:46:13,599 tornado.access[50954] INFO: 200 POST /api/ping (::1) 1.61ms
2019-06-23 20:46:14,607 tornado.access[50954] INFO: 200 POST /api/ping (::1) 1.56ms
2019-06-23 20:46:15,616 tornado.access[50954] INFO: 200 POST /api/ping (::1) 1.58ms
2019-06-23 20:46:16,626 tornado.access[50954] INFO: 200 POST /api/ping (::1) 1.73ms
2019-06-23 20:46:17,634 tornado.access[50954] INFO: 200 POST /api/ping (::1) 1.59ms
2019-06-23 20:46:18,647 tornado.access[50954] INFO: 200 POST /api/ping (::1) 3.29ms
2019-06-23 20:46:19,654 tornado.access[50954] INFO: 200 POST /api/ping (::1) 1.45ms
2019-06-23 20:46:20,664 tornado.access[50954] INFO: 200 POST /api/ping (::1) 1.62ms
2019-06-23 20:46:21,672 tornado.access[50954] INFO: 200 POST /api/ping (::1) 1.59ms
2019-06-23 20:46:22,677 tornado.access[50954] INFO: 200 POST /api/ping (::1) 1.54ms
2019-06-23 20:46:23,684 tornado.access[50954] INFO: 200 POST /api/ping (::1) 0.90ms
2019-06-23 20:46:24,263 tornado.access[50954] INFO: 200 POST /api/add_task (::1) 1.51ms
2019-06-23 20:46:24,266 tornado.access[50954] INFO: 200 POST /api/get_work (::1) 1.13ms
